0 info it worked if it ends with ok
1 verbose cli [ '/Users/simo/.nvm/versions/node/v6.5.0/bin/node',
1 verbose cli   '/Users/simo/.nvm/versions/node/v6.5.0/bin/npm',
1 verbose cli   'run',
1 verbose cli   'build' ]
2 info using npm@3.10.3
3 info using node@v6.5.0
4 verbose run-script [ 'prebuild', 'build', 'postbuild' ]
5 info lifecycle app-support@1.0.8~prebuild: app-support@1.0.8
6 silly lifecycle app-support@1.0.8~prebuild: no script for prebuild, continuing
7 info lifecycle app-support@1.0.8~build: app-support@1.0.8
8 verbose lifecycle app-support@1.0.8~build: unsafe-perm in lifecycle true
9 verbose lifecycle app-support@1.0.8~build: PATH: /Users/simo/.nvm/versions/node/v6.5.0/lib/node_modules/npm/bin/node-gyp-bin:/Users/simo/code/mildev-test-react/app-support/node_modules/.bin:/Users/simo/.nvm/versions/node/v6.5.0/bin:/Users/simo/code/mildev-test-react/app-support/node_modules/.bin:/Users/simo/.config/yarn/link/node_modules/.bin:/Users/simo/code/mildev-test-react/app-support/node_modules/.bin:/Users/simo/.config/yarn/link/node_modules/.bin:/Users/simo/.nvm/versions/node/v6.5.0/lib/node_modules/npm/bin/node-gyp-bin:/Users/simo/.nvm/versions/node/v6.5.0/bin/node_modules/npm/bin/node-gyp-bin:/Users/simo/.fastlane/bin:/mongodb/bin:/Users/simo/.nvm/versions/node/v6.5.0/bin:/Library/Frameworks/Python.framework/Versions/2.7/bin:/usr/local/bin:/usr/bin:/bin:/usr/sbin:/sbin:/usr/local/share/dotnet:/Library/Frameworks/Mono.framework/Versions/Current/Commands:/Users/simo/.fastlane/bin:/mongodb/bin:/Library/Frameworks/Python.framework/Versions/2.7/bin
10 verbose lifecycle app-support@1.0.8~build: CWD: /Users/simo/code/mildev-test-react/app-support
11 silly lifecycle app-support@1.0.8~build: Args: [ '-c', 'rimraf dist && tsc' ]
12 silly lifecycle app-support@1.0.8~build: Returned: code: 2  signal: null
13 info lifecycle app-support@1.0.8~build: Failed to exec build script
14 verbose stack Error: app-support@1.0.8 build: `rimraf dist && tsc`
14 verbose stack Exit status 2
14 verbose stack     at EventEmitter.<anonymous> (/Users/simo/.nvm/versions/node/v6.5.0/lib/node_modules/npm/lib/utils/lifecycle.js:242:16)
14 verbose stack     at emitTwo (events.js:106:13)
14 verbose stack     at EventEmitter.emit (events.js:191:7)
14 verbose stack     at ChildProcess.<anonymous> (/Users/simo/.nvm/versions/node/v6.5.0/lib/node_modules/npm/lib/utils/spawn.js:40:14)
14 verbose stack     at emitTwo (events.js:106:13)
14 verbose stack     at ChildProcess.emit (events.js:191:7)
14 verbose stack     at maybeClose (internal/child_process.js:877:16)
14 verbose stack     at Process.ChildProcess._handle.onexit (internal/child_process.js:226:5)
15 verbose pkgid app-support@1.0.8
16 verbose cwd /Users/simo/code/mildev-test-react/app-support
17 error Darwin 16.7.0
18 error argv "/Users/simo/.nvm/versions/node/v6.5.0/bin/node" "/Users/simo/.nvm/versions/node/v6.5.0/bin/npm" "run" "build"
19 error node v6.5.0
20 error npm  v3.10.3
21 error code ELIFECYCLE
22 error app-support@1.0.8 build: `rimraf dist && tsc`
22 error Exit status 2
23 error Failed at the app-support@1.0.8 build script 'rimraf dist && tsc'.
23 error Make sure you have the latest version of node.js and npm installed.
23 error If you do, this is most likely a problem with the app-support package,
23 error not with npm itself.
23 error Tell the author that this fails on your system:
23 error     rimraf dist && tsc
23 error You can get information on how to open an issue for this project with:
23 error     npm bugs app-support
23 error Or if that isn't available, you can get their info via:
23 error     npm owner ls app-support
23 error There is likely additional logging output above.
24 verbose exit [ 1, true ]
